<?xml version="1.0" encoding="UTF-8"?>
<testsuite xmlns:xsi="http://www.w3.org/2001/XMLSchema-instance" xsi:noNamespaceSchemaLocation="https://maven.apache.org/surefire/maven-surefire-plugin/xsd/surefire-test-report.xsd" name="TestSuite" time="41.24" tests="2" errors="0" skipped="0" failures="2">
  <properties>
[...]
</properties>
  <testcase name="runScenario" classname="cucumberOptions.TestRunner2" time="37.995">
    <failure message="no such element: Unable to locate element: {&quot;method&quot;:&quot;css selector&quot;,&quot;selector&quot;:&quot;#id_gender2&quot;}&#10;  (Session info: chrome=96.0.4664.45)&#10;For documentation on this error, please visit: https://www.seleniumhq.org/exceptions/no_such_element.html&#10;Build info: version: &apos;3.141.59&apos;, revision: &apos;e82be7d358&apos;, time: &apos;2018-11-14T08:17:03&apos;&#10;System info: host: &apos;LAPTOP-O0MMQ8B3&apos;, ip: &apos;192.168.1.10&apos;, os.name: &apos;Windows 10&apos;, os.arch: &apos;amd64&apos;, os.version: &apos;10.0&apos;, java.version: &apos;14.0.2&apos;&#10;Driver info: org.openqa.selenium.chrome.ChromeDriver&#10;Capabilities {acceptInsecureCerts: false, browserName: chrome, browserVersion: 96.0.4664.45, chrome: {chromedriverVersion: 95.0.4638.69 (6a1600ed572fe..., userDataDir: C:\Users\KANDAN~1\AppData\L...}, goog:chromeOptions: {debuggerAddress: localhost:49603}, javascriptEnabled: true, networkConnectionEnabled: false, pageLoadStrategy: normal, platform: WINDOWS, platformName: WINDOWS, proxy: Proxy(), setWindowRect: true, strictFileInteractability: false, timeouts: {implicit: 0, pageLoad: 300000, script: 30000}, unhandledPromptBehavior: dismiss and notify, webauthn:extension:credBlob: true, webauthn:extension:largeBlob: true, webauthn:virtualAuthenticators: true}&#10;Session ID: 69cd4ade4c4ead153b77f2b008a36416&#10;*** Element info: {Using=id, value=id_gender2}" type="org.openqa.selenium.NoSuchElementException">org.openqa.selenium.NoSuchElementException: 
no such element: Unable to locate element: {"method":"css selector","selector":"#id_gender2"}
  (Session info: chrome=96.0.4664.45)
For documentation on this error, please visit: https://www.seleniumhq.org/exceptions/no_such_element.html
Build info: version: '3.141.59', revision: 'e82be7d358', time: '2018-11-14T08:17:03'
System info: host: 'LAPTOP-O0MMQ8B3', ip: '192.168.1.10', os.name: 'Windows 10', os.arch: 'amd64', os.version: '10.0', java.version: '14.0.2'
Driver info: org.openqa.selenium.chrome.ChromeDriver
Capabilities {acceptInsecureCerts: false, browserName: chrome, browserVersion: 96.0.4664.45, chrome: {chromedriverVersion: 95.0.4638.69 (6a1600ed572fe..., userDataDir: C:\Users\KANDAN~1\AppData\L...}, goog:chromeOptions: {debuggerAddress: localhost:49603}, javascriptEnabled: true, networkConnectionEnabled: false, pageLoadStrategy: normal, platform: WINDOWS, platformName: WINDOWS, proxy: Proxy(), setWindowRect: true, strictFileInteractability: false, timeouts: {implicit: 0, pageLoad: 300000, script: 30000}, unhandledPromptBehavior: dismiss and notify, webauthn:extension:credBlob: true, webauthn:extension:largeBlob: true, webauthn:virtualAuthenticators: true}
Session ID: 69cd4ade4c4ead153b77f2b008a36416
*** Element info: {Using=id, value=id_gender2}
</failure>
    <system-out><![CDATA[2021-12-17 17:29:32,646 TestNG-test=Test-1 DEBUG Apache Log4j Core 2.15.0 initializing configuration XmlConfiguration[location=C:\DEV\ECLIPSE3\EcommerceOperations\target\classes\log4j2.xml]
2021-12-17 17:29:32,682 TestNG-test=Test-1 DEBUG Installed 1 script engine
2021-12-17 17:29:33,761 TestNG-test=Test-1 DEBUG Oracle Nashorn version: 14.0.2, language: ECMAScript, threading: Not Thread Safe, compile: true, names: [nashorn, Nashorn, js, JS, JavaScript, javascript, ECMAScript, ecmascript], factory class: jdk.nashorn.api.scripting.NashornScriptEngineFactory
2021-12-17 17:29:33,762 TestNG-test=Test-1 DEBUG PluginManager 'Core' found 127 plugins
2021-12-17 17:29:33,763 TestNG-test=Test-1 DEBUG PluginManager 'Level' found 0 plugins
2021-12-17 17:29:33,779 TestNG-test=Test-1 DEBUG Building Plugin[name=property, class=org.apache.logging.log4j.core.config.Property].
2021-12-17 17:29:33,821 TestNG-test=Test-1 TRACE TypeConverterRegistry initializing.
2021-12-17 17:29:33,822 TestNG-test=Test-1 DEBUG PluginManager 'TypeConverter' found 26 plugins
2021-12-17 17:29:33,842 TestNG-test=Test-1 DEBUG createProperty(name="basePath", value="./logs")
2021-12-17 17:29:33,843 TestNG-test=Test-1 DEBUG Building Plugin[name=properties, class=org.apache.logging.log4j.core.config.PropertiesPlugin].
2021-12-17 17:29:33,856 TestNG-test=Test-1 DEBUG configureSubstitutor(={basePath=./logs}, Configuration(C:\DEV\ECLIPSE3\EcommerceOperations\target\classes\log4j2.xml))
2021-12-17 17:29:33,858 TestNG-test=Test-1 DEBUG PluginManager 'Lookup' found 16 plugins
2021-12-17 17:29:33,861 TestNG-test=Test-1 DEBUG Building Plugin[name=layout, class=org.apache.logging.log4j.core.layout.PatternLayout].
2021-12-17 17:29:33,886 TestNG-test=Test-1 DEBUG PatternLayout$Builder(pattern="%d{HH:mm:ss.SSS} [%t] %-5level %logger{36} - %msg%n", PatternSelector=null, Configuration(C:\DEV\ECLIPSE3\EcommerceOperations\target\classes\log4j2.xml), Replace=null, charset="null", alwaysWriteExceptions="null", disableAnsi="null", noConsoleNoAnsi="null", header="null", footer="null")
2021-12-17 17:29:33,887 TestNG-test=Test-1 DEBUG PluginManager 'Converter' found 45 plugins
2021-12-17 17:29:33,889 TestNG-test=Test-1 DEBUG Building Plugin[name=SizeBasedTriggeringPolicy, class=org.apache.logging.log4j.core.appender.rolling.SizeBasedTriggeringPolicy].
2021-12-17 17:29:33,903 TestNG-test=Test-1 DEBUG createPolicy(size="100")
2021-12-17 17:29:33,906 TestNG-test=Test-1 DEBUG Building Plugin[name=appender, class=org.apache.logging.log4j.core.appender.RollingFileAppender].
2021-12-17 17:29:33,941 TestNG-test=Test-1 DEBUG RollingFileAppender$Builder(fileName="null", filePattern="${basepath}/logs-%d{yyyy-mm-dd}.log", append="null", locking="null", SizeBasedTriggeringPolicy(SizeBasedTriggeringPolicy(size=100)), Strategy=null, advertise="null", advertiseUri="null", createOnDemand="null", filePermissions="null", fileOwner="null", fileGroup="null", bufferedIo="null", bufferSize="null", immediateFlush="null", ignoreExceptions="null", PatternLayout(%d{HH:mm:ss.SSS} [%t] %-5level %logger{36} - %msg%n), name="File", Configuration(C:\DEV\ECLIPSE3\EcommerceOperations\target\classes\log4j2.xml), Filter=null, ={})
2021-12-17 17:29:33,993 TestNG-test=Test-1 DEBUG Starting RollingFileManager ${basepath}/logs-%d{yyyy-mm-dd}.log
2021-12-17 17:29:33,996 TestNG-test=Test-1 DEBUG PluginManager 'FileConverter' found 2 plugins
2021-12-17 17:29:34,086 TestNG-test=Test-1 DEBUG Setting prev file time to 1970-01-01T05:30:00.000+0530
2021-12-17 17:29:34,087 TestNG-test=Test-1 DEBUG Initializing triggering policy SizeBasedTriggeringPolicy(size=100)
2021-12-17 17:29:34,088 TestNG-test=Test-1 DEBUG Formatting file name. useCurrentTime=false. currentFileTime=0, prevFileTime=0
2021-12-17 17:29:34,112 TestNG-test=Test-1 TRACE Using default SystemClock for timestamps.
2021-12-17 17:29:34,112 TestNG-test=Test-1 DEBUG org.apache.logging.log4j.core.util.SystemClock supports precise timestamps.
2021-12-17 17:29:34,157 TestNG-test=Test-1 DEBUG Formatting file name. useCurrentTime=true. currentFileTime=0, prevFileTime=0
2021-12-17 17:29:34,158 TestNG-test=Test-1 DEBUG Formatting file name. useCurrentTime=false. currentFileTime=0, prevFileTime=0
2021-12-17 17:29:34,159 TestNG-test=Test-1 DEBUG Formatting file name. useCurrentTime=true. currentFileTime=0, prevFileTime=0
2021-12-17 17:29:34,161 TestNG-test=Test-1 DEBUG Building Plugin[name=layout, class=org.apache.logging.log4j.core.layout.PatternLayout].
2021-12-17 17:29:34,162 TestNG-test=Test-1 DEBUG PatternLayout$Builder(pattern="%d{HH:mm:ss.SSS} [%t] %-5level %logger{36} - %msg%n", PatternSelector=null, Configuration(C:\DEV\ECLIPSE3\EcommerceOperations\target\classes\log4j2.xml), Replace=null, charset="null", alwaysWriteExceptions="null", disableAnsi="null", noConsoleNoAnsi="null", header="null", footer="null")
2021-12-17 17:29:34,165 TestNG-test=Test-1 DEBUG Building Plugin[name=appender, class=org.apache.logging.log4j.core.appender.ConsoleAppender].
2021-12-17 17:29:34,171 TestNG-test=Test-1 DEBUG ConsoleAppender$Builder(target="SYSTEM_OUT", follow="null", direct="null", bufferedIo="null", bufferSize="null", immediateFlush="null", ignoreExceptions="null", PatternLayout(%d{HH:mm:ss.SSS} [%t] %-5level %logger{36} - %msg%n), name="Console", Configuration(C:\DEV\ECLIPSE3\EcommerceOperations\target\classes\log4j2.xml), Filter=null, ={})
2021-12-17 17:29:34,174 TestNG-test=Test-1 DEBUG Starting OutputStreamManager SYSTEM_OUT.false.false
2021-12-17 17:29:34,175 TestNG-test=Test-1 DEBUG Building Plugin[name=appenders, class=org.apache.logging.log4j.core.config.AppendersPlugin].
2021-12-17 17:29:34,176 TestNG-test=Test-1 DEBUG createAppenders(={File, Console})
2021-12-17 17:29:34,176 TestNG-test=Test-1 DEBUG Building Plugin[name=AppenderRef, class=org.apache.logging.log4j.core.config.AppenderRef].
2021-12-17 17:29:34,177 TestNG-test=Test-1 DEBUG createAppenderRef(ref="File", level="null", Filter=null)
2021-12-17 17:29:34,178 TestNG-test=Test-1 DEBUG Building Plugin[name=root, class=org.apache.logging.log4j.core.config.LoggerConfig$RootLogger].
2021-12-17 17:29:34,182 TestNG-test=Test-1 DEBUG createLogger(additivity="null", level="TRACE", includeLocation="null", ={File}, ={}, Configuration(C:\DEV\ECLIPSE3\EcommerceOperations\target\classes\log4j2.xml), Filter=null)
2021-12-17 17:29:34,205 TestNG-test=Test-1 DEBUG Building Plugin[name=loggers, class=org.apache.logging.log4j.core.config.LoggersPlugin].
2021-12-17 17:29:34,207 TestNG-test=Test-1 DEBUG createLoggers(={root})
2021-12-17 17:29:34,208 TestNG-test=Test-1 DEBUG Configuration XmlConfiguration[location=C:\DEV\ECLIPSE3\EcommerceOperations\target\classes\log4j2.xml] initialized
2021-12-17 17:29:34,209 TestNG-test=Test-1 DEBUG Starting configuration XmlConfiguration[location=C:\DEV\ECLIPSE3\EcommerceOperations\target\classes\log4j2.xml]
2021-12-17 17:29:34,209 TestNG-test=Test-1 DEBUG Started configuration XmlConfiguration[location=C:\DEV\ECLIPSE3\EcommerceOperations\target\classes\log4j2.xml] OK.
2021-12-17 17:29:34,227 TestNG-test=Test-1 TRACE Stopping org.apache.logging.log4j.core.config.DefaultConfiguration@1dcec668...
2021-12-17 17:29:34,228 TestNG-test=Test-1 TRACE DefaultConfiguration notified 1 ReliabilityStrategies that config will be stopped.
2021-12-17 17:29:34,229 TestNG-test=Test-1 TRACE DefaultConfiguration stopping root LoggerConfig.
2021-12-17 17:29:34,230 TestNG-test=Test-1 TRACE DefaultConfiguration notifying ReliabilityStrategies that appenders will be stopped.
2021-12-17 17:29:34,231 TestNG-test=Test-1 TRACE DefaultConfiguration stopping remaining Appenders.
2021-12-17 17:29:34,233 TestNG-test=Test-1 DEBUG Shutting down OutputStreamManager SYSTEM_OUT.false.false-1
2021-12-17 17:29:34,234 TestNG-test=Test-1 DEBUG OutputStream closed
2021-12-17 17:29:34,234 TestNG-test=Test-1 DEBUG Shut down OutputStreamManager SYSTEM_OUT.false.false-1, all resources released: true
2021-12-17 17:29:34,235 TestNG-test=Test-1 DEBUG Appender DefaultConsole-1 stopped with status true
2021-12-17 17:29:34,236 TestNG-test=Test-1 TRACE DefaultConfiguration stopped 1 remaining Appenders.
2021-12-17 17:29:34,236 TestNG-test=Test-1 TRACE DefaultConfiguration cleaning Appenders from 1 LoggerConfigs.
2021-12-17 17:29:34,237 TestNG-test=Test-1 DEBUG Stopped org.apache.logging.log4j.core.config.DefaultConfiguration@1dcec668 OK
2021-12-17 17:29:34,539 TestNG-test=Test-1 TRACE Reregistering MBeans after reconfigure. Selector=org.apache.logging.log4j.core.selector.ClassLoaderContextSelector@6bbc27cd
2021-12-17 17:29:34,539 TestNG-test=Test-1 TRACE Reregistering context (1/1): 'c387f44' org.apache.logging.log4j.core.LoggerContext@b066557
2021-12-17 17:29:34,540 TestNG-test=Test-1 TRACE Unregistering but no MBeans found matching 'org.apache.logging.log4j2:type=c387f44'
2021-12-17 17:29:34,541 TestNG-test=Test-1 TRACE Unregistering but no MBeans found matching 'org.apache.logging.log4j2:type=c387f44,component=StatusLogger'
2021-12-17 17:29:34,544 TestNG-test=Test-1 TRACE Unregistering but no MBeans found matching 'org.apache.logging.log4j2:type=c387f44,component=ContextSelector'
2021-12-17 17:29:34,545 TestNG-test=Test-1 TRACE Unregistering but no MBeans found matching 'org.apache.logging.log4j2:type=c387f44,component=Loggers,name=*'
2021-12-17 17:29:34,546 TestNG-test=Test-1 TRACE Unregistering but no MBeans found matching 'org.apache.logging.log4j2:type=c387f44,component=Appenders,name=*'
2021-12-17 17:29:34,547 TestNG-test=Test-1 TRACE Unregistering but no MBeans found matching 'org.apache.logging.log4j2:type=c387f44,component=AsyncAppenders,name=*'
2021-12-17 17:29:34,548 TestNG-test=Test-1 TRACE Unregistering but no MBeans found matching 'org.apache.logging.log4j2:type=c387f44,component=AsyncLoggerRingBuffer'
2021-12-17 17:29:34,549 TestNG-test=Test-1 TRACE Unregistering but no MBeans found matching 'org.apache.logging.log4j2:type=c387f44,component=Loggers,name=*,subtype=RingBuffer'
2021-12-17 17:29:34,554 TestNG-test=Test-1 DEBUG Registering MBean org.apache.logging.log4j2:type=c387f44
2021-12-17 17:29:34,569 TestNG-test=Test-1 DEBUG Registering MBean org.apache.logging.log4j2:type=c387f44,component=StatusLogger
2021-12-17 17:29:34,572 TestNG-test=Test-1 DEBUG Registering MBean org.apache.logging.log4j2:type=c387f44,component=ContextSelector
2021-12-17 17:29:34,575 TestNG-test=Test-1 DEBUG Registering MBean org.apache.logging.log4j2:type=c387f44,component=Loggers,name=
2021-12-17 17:29:34,593 TestNG-test=Test-1 DEBUG Registering MBean org.apache.logging.log4j2:type=c387f44,component=Appenders,name=Console
2021-12-17 17:29:34,595 TestNG-test=Test-1 DEBUG Registering MBean org.apache.logging.log4j2:type=c387f44,component=Appenders,name=File
2021-12-17 17:29:34,595 TestNG-test=Test-1 TRACE Using DummyNanoClock for nanosecond timestamps.
2021-12-17 17:29:34,597 TestNG-test=Test-1 DEBUG Reconfiguration complete for context[name=c387f44] at URI C:\DEV\ECLIPSE3\EcommerceOperations\target\classes\log4j2.xml (org.apache.logging.log4j.core.LoggerContext@b066557) with optional ClassLoader: null
2021-12-17 17:29:34,597 TestNG-test=Test-1 DEBUG Shutdown hook enabled. Registering a new one.
2021-12-17 17:29:34,601 TestNG-test=Test-1 DEBUG LoggerContext[name=c387f44, org.apache.logging.log4j.core.LoggerContext@b066557] started OK.
2021-12-17 17:29:34,640 TestNG-test=Test-1 DEBUG Formatting file name. useCurrentTime=false. currentFileTime=0, prevFileTime=0
2021-12-17 17:29:34,641 TestNG-test=Test-1 DEBUG Formatting file name. useCurrentTime=true. currentFileTime=0, prevFileTime=0
2021-12-17 17:29:34,642 TestNG-test=Test-1 DEBUG Now writing to ${basepath}/logs-2021-29-17.log at 2021-12-17T17:29:34.641+0530
2021-12-17 17:29:38,983 TestNG-test=Test-1 DEBUG Rolling ${basepath}/logs-2021-29-17.log
2021-12-17 17:29:38,983 TestNG-test=Test-1 DEBUG Formatting file name. useCurrentTime=false. currentFileTime=0, prevFileTime=0
2021-12-17 17:29:38,984 TestNG-test=Test-1 DEBUG Found 0 eligible files, max is  2147483647
2021-12-17 17:29:38,985 TestNG-test=Test-1 TRACE DirectWriteRolloverStrategy.purge() took 1.0 milliseconds
2021-12-17 17:29:38,986 TestNG-test=Test-1 DEBUG OutputStream closed
2021-12-17 17:29:38,987 TestNG-test=Test-1 DEBUG Formatting file name. useCurrentTime=false. currentFileTime=0, prevFileTime=0
2021-12-17 17:29:38,987 TestNG-test=Test-1 DEBUG Formatting file name. useCurrentTime=true. currentFileTime=0, prevFileTime=0
2021-12-17 17:29:38,988 TestNG-test=Test-1 DEBUG Now writing to ${basepath}/logs-2021-29-17.log at 2021-12-17T17:29:38.988+0530
2021-12-17 17:29:48,263 TestNG-test=Test-1 DEBUG Rolling ${basepath}/logs-2021-29-17.log
2021-12-17 17:29:48,264 TestNG-test=Test-1 DEBUG Formatting file name. useCurrentTime=false. currentFileTime=0, prevFileTime=0
2021-12-17 17:29:48,265 TestNG-test=Test-1 DEBUG Found 0 eligible files, max is  2147483647
2021-12-17 17:29:48,266 TestNG-test=Test-1 TRACE DirectWriteRolloverStrategy.purge() took 2.0 milliseconds
2021-12-17 17:29:48,267 TestNG-test=Test-1 DEBUG OutputStream closed
2021-12-17 17:29:48,268 TestNG-test=Test-1 DEBUG Formatting file name. useCurrentTime=false. currentFileTime=0, prevFileTime=0
2021-12-17 17:29:48,269 TestNG-test=Test-1 DEBUG Formatting file name. useCurrentTime=true. currentFileTime=0, prevFileTime=0
2021-12-17 17:29:48,270 TestNG-test=Test-1 DEBUG Now writing to ${basepath}/logs-2021-29-17.log at 2021-12-17T17:29:48.269+0530
2021-12-17 17:29:52,955 TestNG-test=Test-1 DEBUG Rolling ${basepath}/logs-2021-29-17.log
2021-12-17 17:29:52,955 TestNG-test=Test-1 DEBUG Formatting file name. useCurrentTime=false. currentFileTime=0, prevFileTime=0
2021-12-17 17:29:52,956 TestNG-test=Test-1 DEBUG Found 0 eligible files, max is  2147483647
2021-12-17 17:29:52,957 TestNG-test=Test-1 TRACE DirectWriteRolloverStrategy.purge() took 1.0 milliseconds
2021-12-17 17:29:52,957 TestNG-test=Test-1 DEBUG OutputStream closed
2021-12-17 17:29:52,958 TestNG-test=Test-1 DEBUG Formatting file name. useCurrentTime=false. currentFileTime=0, prevFileTime=0
2021-12-17 17:29:52,959 TestNG-test=Test-1 DEBUG Formatting file name. useCurrentTime=true. currentFileTime=0, prevFileTime=0
2021-12-17 17:29:52,960 TestNG-test=Test-1 DEBUG Now writing to ${basepath}/logs-2021-29-17.log at 2021-12-17T17:29:52.960+0530
]]></system-out>
    <system-err><![CDATA[Warning: Nashorn engine is planned to be removed from a future JDK release
Starting ChromeDriver 95.0.4638.69 (6a1600ed572fedecd573b6c2b90a22fe6392a410-refs/branch-heads/4638@{#984}) on port 26541
Only local connections are allowed.
Please see https://chromedriver.chromium.org/security-considerations for suggestions on keeping ChromeDriver safe.
ChromeDriver was started successfully.
[1639742378.727][WARNING]: This version of ChromeDriver has not been tested with Chrome version 96.
Dec 17, 2021 5:29:38 PM org.openqa.selenium.remote.ProtocolHandshake createSession
INFO: Detected dialect: W3C
]]></system-err>
  </testcase>
  <testcase name="runScenario" classname="cucumberOptions.TestRunner2" time="38.203">
    <failure type="java.lang.NullPointerException">java.lang.NullPointerException
</failure>
    <system-err><![CDATA[java.lang.NoSuchFieldException: testDriver
	at java.base/java.lang.Class.getDeclaredField(Class.java:2489)
	at stepDefinitions.Listeners.onTestFailure(Listeners.java:78)
	at org.testng.internal.TestListenerHelper.runTestListeners(TestListenerHelper.java:96)
	at org.testng.internal.TestInvoker.runTestResultListener(TestInvoker.java:219)
	at org.testng.internal.TestInvoker.invokeMethod(TestInvoker.java:656)
	at org.testng.internal.TestInvoker.invokeTestMethod(TestInvoker.java:173)
	at org.testng.internal.MethodRunner.runInSequence(MethodRunner.java:46)
	at org.testng.internal.TestInvoker$MethodInvocationAgent.invoke(TestInvoker.java:824)
	at org.testng.internal.TestInvoker.invokeTestMethods(TestInvoker.java:146)
	at org.testng.internal.TestMethodWorker.invokeTestMethods(TestMethodWorker.java:146)
	at org.testng.internal.TestMethodWorker.run(TestMethodWorker.java:128)
	at java.base/java.util.concurrent.ThreadPoolExecutor.runWorker(ThreadPoolExecutor.java:1130)
	at java.base/java.util.concurrent.ThreadPoolExecutor$Worker.run(ThreadPoolExecutor.java:630)
	at java.base/java.lang.Thread.run(Thread.java:832)
]]></system-err>
  </testcase>
</testsuite>