<?xml version="1.0" encoding="UTF-8"?>
<testng-results ignored="0" total="0" passed="0" failed="0" skipped="0">
  <reporter-output>
  </reporter-output>
  <suite started-at="2021-12-17T17:29:29 IST" name="Suite" finished-at="2021-12-17T17:30:08 IST" duration-ms="38601">
    <groups>
      <group name="cucumber">
        <method signature="AbstractTestNGCucumberTests.runScenario(io.cucumber.testng.PickleWrapper,io.cucumber.testng.FeatureWrapper)[pri:0, instance:cucumberOptions.TestRunner2@194bcebf]" name="runScenario" class="io.cucumber.testng.AbstractTestNGCucumberTests"/>
      </group> <!-- cucumber -->
    </groups>
    <test started-at="2021-12-17T17:29:29 IST" name="Test" finished-at="2021-12-17T17:30:08 IST" duration-ms="38601">
      <class name="cucumberOptions.TestRunner2">
        <test-method is-config="true" signature="setUpClass(org.testng.ITestContext)[pri:0, instance:cucumberOptions.TestRunner2@194bcebf]" started-at="2021-12-17T17:29:29 IST" name="setUpClass" finished-at="2021-12-17T17:29:30 IST" duration-ms="544" status="PASS">
          <params>
            <param index="0">
              <value>
                <![CDATA[org.testng.TestRunner@4a194c39]]>
              </value>
            </param>
          </params>
          <reporter-output>
          </reporter-output>
        </test-method> <!-- setUpClass -->
        <test-method is-config="true" signature="tearDownClass()[pri:0, instance:cucumberOptions.TestRunner2@194bcebf]" started-at="2021-12-17T17:30:08 IST" name="tearDownClass" finished-at="2021-12-17T17:30:08 IST" duration-ms="4" status="PASS">
          <reporter-output>
          </reporter-output>
        </test-method> <!-- tearDownClass -->
      </class> <!-- cucumberOptions.TestRunner2 -->
    </test> <!-- Test -->
  </suite> <!-- Suite -->
</testng-results>
